D:\UriReduction\UriReduction.API\wwwroot\dist\webpack.config.js
D:\UriReduction\UriReduction.API\wwwroot\dist\webpack.config.js.map
D:\UriReduction\UriReduction.API\wwwroot\dist\ts\components\props.js
D:\UriReduction\UriReduction.API\wwwroot\dist\ts\components\props.js.map
D:\UriReduction\UriReduction.API\wwwroot\dist\ts\components\performance\longUriForm.js
D:\UriReduction\UriReduction.API\wwwroot\dist\ts\components\performance\longUriForm.js.map
D:\UriReduction\UriReduction.API\wwwroot\dist\ts\shared\sendToServer.js
D:\UriReduction\UriReduction.API\wwwroot\dist\ts\shared\sendToServer.js.map
D:\UriReduction\UriReduction.API\wwwroot\dist\ts\components\containers\longUriFormContainer.js
D:\UriReduction\UriReduction.API\wwwroot\dist\ts\components\containers\longUriFormContainer.js.map
D:\UriReduction\UriReduction.API\wwwroot\dist\ts\components\performance\cloudinary.js
D:\UriReduction\UriReduction.API\wwwroot\dist\ts\components\performance\cloudinary.js.map
D:\UriReduction\UriReduction.API\wwwroot\dist\ts\components\performance\shortUriForm.js
D:\UriReduction\UriReduction.API\wwwroot\dist\ts\components\performance\shortUriForm.js.map
D:\UriReduction\UriReduction.API\wwwroot\dist\ts\components\performance\app.js
D:\UriReduction\UriReduction.API\wwwroot\dist\ts\components\performance\app.js.map
D:\UriReduction\UriReduction.API\wwwroot\dist\ts\types\index.js
D:\UriReduction\UriReduction.API\wwwroot\dist\ts\types\index.js.map
D:\UriReduction\UriReduction.API\wwwroot\dist\ts\components\containers\appContainer.js
D:\UriReduction\UriReduction.API\wwwroot\dist\ts\components\containers\appContainer.js.map
D:\UriReduction\UriReduction.API\wwwroot\dist\ts\app.js
D:\UriReduction\UriReduction.API\wwwroot\dist\ts\app.js.map
D:\UriReduction\UriReduction.API\wwwroot\dist\ts\redusers\index.js
D:\UriReduction\UriReduction.API\wwwroot\dist\ts\redusers\index.js.map
D:\UriReduction\UriReduction.API\wwwroot\dist\ts\constants\index.js
D:\UriReduction\UriReduction.API\wwwroot\dist\ts\constants\index.js.map
D:\UriReduction\UriReduction.API\wwwroot\dist\ts\components\containers\cloudinaryContainer.js
D:\UriReduction\UriReduction.API\wwwroot\dist\ts\components\containers\cloudinaryContainer.js.map
D:\UriReduction\UriReduction.API\wwwroot\dist\ts\actionsCreator\index.js
D:\UriReduction\UriReduction.API\wwwroot\dist\ts\actionsCreator\index.js.map
D:\UriReduction\UriReduction.API\wwwroot\dist\public\bundle.js
D:\UriReduction\UriReduction.API\wwwroot\dist\public\bundle.js.map
D:\UriReduction\UriReduction.API\wwwroot\dist\webpack.config.js
D:\UriReduction\UriReduction.API\wwwroot\dist\webpack.config.js.map
D:\UriReduction\UriReduction.API\wwwroot\dist\ts\components\props.js
D:\UriReduction\UriReduction.API\wwwroot\dist\ts\components\props.js.map
D:\UriReduction\UriReduction.API\wwwroot\dist\ts\components\performance\longUriForm.js
D:\UriReduction\UriReduction.API\wwwroot\dist\ts\components\performance\longUriForm.js.map
D:\UriReduction\UriReduction.API\wwwroot\dist\ts\shared\sendToServer.js
D:\UriReduction\UriReduction.API\wwwroot\dist\ts\shared\sendToServer.js.map
D:\UriReduction\UriReduction.API\wwwroot\dist\ts\components\containers\longUriFormContainer.js
D:\UriReduction\UriReduction.API\wwwroot\dist\ts\components\containers\longUriFormContainer.js.map
D:\UriReduction\UriReduction.API\wwwroot\dist\ts\components\performance\cloudinary.js
D:\UriReduction\UriReduction.API\wwwroot\dist\ts\components\performance\cloudinary.js.map
D:\UriReduction\UriReduction.API\wwwroot\dist\ts\components\performance\shortUriForm.js
D:\UriReduction\UriReduction.API\wwwroot\dist\ts\components\performance\shortUriForm.js.map
D:\UriReduction\UriReduction.API\wwwroot\dist\ts\components\performance\app.js
D:\UriReduction\UriReduction.API\wwwroot\dist\ts\components\performance\app.js.map
D:\UriReduction\UriReduction.API\wwwroot\dist\ts\types\index.js
D:\UriReduction\UriReduction.API\wwwroot\dist\ts\types\index.js.map
D:\UriReduction\UriReduction.API\wwwroot\dist\ts\components\containers\appContainer.js
D:\UriReduction\UriReduction.API\wwwroot\dist\ts\components\containers\appContainer.js.map
D:\UriReduction\UriReduction.API\wwwroot\dist\ts\app.js
D:\UriReduction\UriReduction.API\wwwroot\dist\ts\app.js.map
D:\UriReduction\UriReduction.API\wwwroot\dist\ts\redusers\index.js
D:\UriReduction\UriReduction.API\wwwroot\dist\ts\redusers\index.js.map
D:\UriReduction\UriReduction.API\wwwroot\dist\ts\constants\index.js
D:\UriReduction\UriReduction.API\wwwroot\dist\ts\constants\index.js.map
D:\UriReduction\UriReduction.API\wwwroot\dist\ts\components\containers\cloudinaryContainer.js
D:\UriReduction\UriReduction.API\wwwroot\dist\ts\components\containers\cloudinaryContainer.js.map
D:\UriReduction\UriReduction.API\wwwroot\dist\ts\actionsCreator\index.js
D:\UriReduction\UriReduction.API\wwwroot\dist\ts\actionsCreator\index.js.map
D:\UriReduction\UriReduction.API\wwwroot\dist\public\bundle.js
D:\UriReduction\UriReduction.API\wwwroot\dist\public\bundle.js.map
D:\UriReduction\UriReduction.API\wwwroot\dist\webpack.config.js
D:\UriReduction\UriReduction.API\wwwroot\dist\webpack.config.js.map
D:\UriReduction\UriReduction.API\wwwroot\dist\ts\components\props.js
D:\UriReduction\UriReduction.API\wwwroot\dist\ts\components\props.js.map
D:\UriReduction\UriReduction.API\wwwroot\dist\ts\components\performance\longUriForm.js
D:\UriReduction\UriReduction.API\wwwroot\dist\ts\components\performance\longUriForm.js.map
D:\UriReduction\UriReduction.API\wwwroot\dist\ts\shared\sendToServer.js
D:\UriReduction\UriReduction.API\wwwroot\dist\ts\shared\sendToServer.js.map
D:\UriReduction\UriReduction.API\wwwroot\dist\ts\components\containers\longUriFormContainer.js
D:\UriReduction\UriReduction.API\wwwroot\dist\ts\components\containers\longUriFormContainer.js.map
D:\UriReduction\UriReduction.API\wwwroot\dist\ts\components\performance\cloudinary.js
D:\UriReduction\UriReduction.API\wwwroot\dist\ts\components\performance\cloudinary.js.map
D:\UriReduction\UriReduction.API\wwwroot\dist\ts\components\performance\shortUriForm.js
D:\UriReduction\UriReduction.API\wwwroot\dist\ts\components\performance\shortUriForm.js.map
D:\UriReduction\UriReduction.API\wwwroot\dist\ts\components\performance\app.js
D:\UriReduction\UriReduction.API\wwwroot\dist\ts\components\performance\app.js.map
D:\UriReduction\UriReduction.API\wwwroot\dist\ts\types\index.js
D:\UriReduction\UriReduction.API\wwwroot\dist\ts\types\index.js.map
D:\UriReduction\UriReduction.API\wwwroot\dist\ts\components\containers\appContainer.js
D:\UriReduction\UriReduction.API\wwwroot\dist\ts\components\containers\appContainer.js.map
D:\UriReduction\UriReduction.API\wwwroot\dist\ts\app.js
D:\UriReduction\UriReduction.API\wwwroot\dist\ts\app.js.map
D:\UriReduction\UriReduction.API\wwwroot\dist\ts\redusers\index.js
D:\UriReduction\UriReduction.API\wwwroot\dist\ts\redusers\index.js.map
D:\UriReduction\UriReduction.API\wwwroot\dist\ts\constants\index.js
D:\UriReduction\UriReduction.API\wwwroot\dist\ts\constants\index.js.map
D:\UriReduction\UriReduction.API\wwwroot\dist\ts\components\containers\cloudinaryContainer.js
D:\UriReduction\UriReduction.API\wwwroot\dist\ts\components\containers\cloudinaryContainer.js.map
D:\UriReduction\UriReduction.API\wwwroot\dist\ts\actionsCreator\index.js
D:\UriReduction\UriReduction.API\wwwroot\dist\ts\actionsCreator\index.js.map
D:\UriReduction\UriReduction.API\wwwroot\dist\public\bundle.js
D:\UriReduction\UriReduction.API\wwwroot\dist\public\bundle.js.map
